D:/Ger/Programming/MyGUI/tags/MyGUI2.2/MyGUIEngine/src/MyGUI_ActionController.cpp:50: Warning: no matching file member found for 
void MyGUI::action::linearMoveFunction(const MyGUI::types::TCoord< int > &_startRect, const IntCoord &_destRect, IntCoord &_result, float _k)
Possible candidates:
  void linearMoveFunction(const IntCoord &_startRect, const IntCoord &_destRect, IntCoord &_result, float _k)
D:/Ger/Programming/MyGUI/tags/MyGUI2.2/MyGUIEngine/src/MyGUI_ActionController.cpp:59: Warning: no matching file member found for 
void MyGUI::action::inertionalMoveFunction(const MyGUI::types::TCoord< int > &_startRect, const IntCoord &_destRect, IntCoord &_result, float _current_time)
Possible candidates:
  void inertionalMoveFunction(const IntCoord &_startRect, const IntCoord &_destRect, IntCoord &_result, float _current_time)
D:/Ger/Programming/MyGUI/tags/MyGUI2.2/MyGUIEngine/src/MyGUI_Gui.cpp:48: Warning: no uniquely matching class member found for
  void MyGUI::Gui::initialise(Ogre::RenderWindow *_window, const std::string &_core, const Ogre::String &_group, Ogre::String _logFileName)
Possible candidates:
  void MyGUI::Gui::initialise(Ogre::RenderWindow *_window, const std::string &_core="core.xml", const std::string &_group=Ogre::ResourceGroupManager::DEFAULT_RESOURCE_GROUP_NAME, Ogre::String _logFileName="MyGUI.log") at line 56 of file D:/Ger/Programming/MyGUI/tags/MyGUI2.2/MyGUIEngine/include/MyGUI_Gui.h
D:/Ger/Programming/MyGUI/tags/MyGUI2.2/MyGUIEngine/src/MyGUI_StaticText.cpp:96: Warning: no uniquely matching class member found for
  void MyGUI::StaticText::setFontName(const Ogre::String &_font)
Possible candidates:
  virtual void MyGUI::StaticText::setFontName(const std::string &_font) at line 45 of file D:/Ger/Programming/MyGUI/tags/MyGUI2.2/MyGUIEngine/include/MyGUI_StaticText.h
D:/Ger/Programming/MyGUI/tags/MyGUI2.2/MyGUIEngine/src/MyGUI_Widget.cpp:289: Warning: no uniquely matching class member found for
  WidgetPtr MyGUI::Widget::createWidgetRealT(const Ogre::String &_type, const Ogre::String &_skin, const FloatCoord &_coord, Align _align, const Ogre::String &_name)
Possible candidates:
  WidgetPtr MyGUI::Widget::createWidgetRealT(const std::string &_type, const std::string &_skin, const FloatCoord &_coord, Align _align, const std::string &_name="") at line 74 of file D:/Ger/Programming/MyGUI/tags/MyGUI2.2/MyGUIEngine/include/MyGUI_Widget.h
  WidgetPtr MyGUI::Widget::createWidgetRealT(const std::string &_type, const std::string &_skin, float _left, float _top, float _width, float _height, Align _align, const std::string &_name="") at line 77 of file D:/Ger/Programming/MyGUI/tags/MyGUI2.2/MyGUIEngine/include/MyGUI_Widget.h
D:/Ger/Programming/MyGUI/tags/MyGUI2.2/MyGUIEngine/src/MyGUI_Widget.cpp:745: Warning: no matching class member found for
  void MyGUI::Widget::_setTextureName(const Ogre::String &_texture)
Possible candidates:
  virtual void MyGUI::Widget::_setTextureName(const std::string &_texture)
D:/Ger/Programming/MyGUI/tags/MyGUI2.2/MyGUIEngine/src/MyGUI_Widget.cpp:1224: Warning: no matching class member found for
  void MyGUI::Widget::_setFontName(const Ogre::String &_font)
Possible candidates:
  void MyGUI::Widget::_setFontName(const std::string &_font)
D:/Ger/Programming/MyGUI/tags/MyGUI2.2/MyGUIEngine/include/MyGUI_Any.h:77: Warning: included file Class is not found. Check your EXAMPLE_PATH
D:/Ger/Programming/MyGUI/tags/MyGUI2.2/MyGUIEngine/include/MyGUI_WidgetEvent.h:71: Warning: included file Delegate is not found. Check your EXAMPLE_PATH
D:/Ger/Programming/MyGUI/tags/MyGUI2.2/MyGUIEngine/include/MyGUI_Enumerator.h:62: Warning: included file Enumerator is not found. Check your EXAMPLE_PATH
D:/Ger/Programming/MyGUI/tags/MyGUI2.2/MyGUIEngine/include/MyGUI.h:3: Warning: Found unknown command `\module'
D:/Ger/Programming/MyGUI/tags/MyGUI2.2/MyGUIEngine/src/MyGUI_ActionController.cpp:3: Warning: Found unknown command `\module'
D:/Ger/Programming/MyGUI/tags/MyGUI2.2/MyGUIEngine/include/MyGUI_ActionController.h:3: Warning: Found unknown command `\module'
D:/Ger/Programming/MyGUI/tags/MyGUI2.2/MyGUIEngine/include/MyGUI_Align.h:3: Warning: Found unknown command `\module'
D:/Ger/Programming/MyGUI/tags/MyGUI2.2/MyGUIEngine/src/MyGUI_Any.cpp:3: Warning: Found unknown command `\module'
D:/Ger/Programming/MyGUI/tags/MyGUI2.2/MyGUIEngine/include/MyGUI_Any.h:3: Warning: Found unknown command `\module'
D:/Ger/Programming/MyGUI/tags/MyGUI2.2/MyGUIEngine/include/MyGUI_BiIndexBase.h:3: Warning: Found unknown command `\module'
D:/Ger/Programming/MyGUI/tags/MyGUI2.2/MyGUIEngine/src/MyGUI_Button.cpp:3: Warning: Found unknown command `\module'
D:/Ger/Programming/MyGUI/tags/MyGUI2.2/MyGUIEngine/include/MyGUI_Button.h:3: Warning: Found unknown command `\module'
D:/Ger/Programming/MyGUI/tags/MyGUI2.2/MyGUIEngine/src/MyGUI_ButtonFactory.cpp:3: Warning: Found unknown command `\module'
D:/Ger/Programming/MyGUI/tags/MyGUI2.2/MyGUIEngine/include/MyGUI_ButtonFactory.h:3: Warning: Found unknown command `\module'
D:/Ger/Programming/MyGUI/tags/MyGUI2.2/MyGUIEngine/src/MyGUI_Canvas.cpp:3: Warning: Found unknown command `\module'
D:/Ger/Programming/MyGUI/tags/MyGUI2.2/MyGUIEngine/include/MyGUI_Canvas.h:3: Warning: Found unknown command `\module'
D:/Ger/Programming/MyGUI/tags/MyGUI2.2/MyGUIEngine/src/MyGUI_CanvasFactory.cpp:3: Warning: Found unknown command `\module'
D:/Ger/Programming/MyGUI/tags/MyGUI2.2/MyGUIEngine/include/MyGUI_CanvasFactory.h:3: Warning: Found unknown command `\module'
D:/Ger/Programming/MyGUI/tags/MyGUI2.2/MyGUIEngine/include/MyGUI_CastWidget.h:3: Warning: Found unknown command `\module'
D:/Ger/Programming/MyGUI/tags/MyGUI2.2/MyGUIEngine/include/MyGUI_ChildSkinInfo.h:3: Warning: Found unknown command `\module'
D:/Ger/Programming/MyGUI/tags/MyGUI2.2/MyGUIEngine/src/MyGUI_ClipboardManager.cpp:3: Warning: Found unknown command `\module'
D:/Ger/Programming/MyGUI/tags/MyGUI2.2/MyGUIEngine/include/MyGUI_ClipboardManager.h:3: Warning: Found unknown command `\module'
D:/Ger/Programming/MyGUI/tags/MyGUI2.2/MyGUIEngine/src/MyGUI_Colour.cpp:3: Warning: Found unknown command `\module'
D:/Ger/Programming/MyGUI/tags/MyGUI2.2/MyGUIEngine/include/MyGUI_Colour.h:3: Warning: Found unknown command `\module'
D:/Ger/Programming/MyGUI/tags/MyGUI2.2/MyGUIEngine/src/MyGUI_ComboBox.cpp:3: Warning: Found unknown command `\module'
D:/Ger/Programming/MyGUI/tags/MyGUI2.2/MyGUIEngine/include/MyGUI_ComboBox.h:3: Warning: Found unknown command `\module'
D:/Ger/Programming/MyGUI/tags/MyGUI2.2/MyGUIEngine/src/MyGUI_ComboBoxFactory.cpp:3: Warning: Found unknown command `\module'
D:/Ger/Programming/MyGUI/tags/MyGUI2.2/MyGUIEngine/include/MyGUI_ComboBoxFactory.h:3: Warning: Found unknown command `\module'
D:/Ger/Programming/MyGUI/tags/MyGUI2.2/MyGUIEngine/include/MyGUI_Common.h:4: Warning: Found unknown command `\module'
D:/Ger/Programming/MyGUI/tags/MyGUI2.2/MyGUIEngine/src/MyGUI_ControllerEdgeHide.cpp:3: Warning: Found unknown command `\module'
D:/Ger/Programming/MyGUI/tags/MyGUI2.2/MyGUIEngine/include/MyGUI_ControllerEdgeHide.h:3: Warning: Found unknown command `\module'
D:/Ger/Programming/MyGUI/tags/MyGUI2.2/MyGUIEngine/src/MyGUI_ControllerFadeAlpha.cpp:3: Warning: Found unknown command `\module'
D:/Ger/Programming/MyGUI/tags/MyGUI2.2/MyGUIEngine/include/MyGUI_ControllerFadeAlpha.h:3: Warning: Found unknown command `\module'
D:/Ger/Programming/MyGUI/tags/MyGUI2.2/MyGUIEngine/include/MyGUI_ControllerItem.h:3: Warning: Found unknown command `\module'
D:/Ger/Programming/MyGUI/tags/MyGUI2.2/MyGUIEngine/src/MyGUI_ControllerManager.cpp:3: Warning: Found unknown command `\module'
D:/Ger/Programming/MyGUI/tags/MyGUI2.2/MyGUIEngine/include/MyGUI_ControllerManager.h:3: Warning: Found unknown command `\module'
D:/Ger/Programming/MyGUI/tags/MyGUI2.2/MyGUIEngine/src/MyGUI_ControllerPosition.cpp:3: Warning: Found unknown command `\module'
D:/Ger/Programming/MyGUI/tags/MyGUI2.2/MyGUIEngine/include/MyGUI_ControllerPosition.h:3: Warning: Found unknown command `\module'
D:/Ger/Programming/MyGUI/tags/MyGUI2.2/MyGUIEngine/src/MyGUI_Convert.cpp:3: Warning: Found unknown command `\module'
D:/Ger/Programming/MyGUI/tags/MyGUI2.2/MyGUIEngine/include/MyGUI_Convert.h:3: Warning: Found unknown command `\module'
D:/Ger/Programming/MyGUI/tags/MyGUI2.2/MyGUIEngine/src/MyGUI_DDContainer.cpp:3: Warning: Found unknown command `\module'
D:/Ger/Programming/MyGUI/tags/MyGUI2.2/MyGUIEngine/include/MyGUI_DDContainer.h:3: Warning: Found unknown command `\module'
D:/Ger/Programming/MyGUI/tags/MyGUI2.2/MyGUIEngine/src/MyGUI_DDContainerFactory.cpp:3: Warning: Found unknown command `\module'
D:/Ger/Programming/MyGUI/tags/MyGUI2.2/MyGUIEngine/include/MyGUI_DDContainerFactory.h:3: Warning: Found unknown command `\module'
D:/Ger/Programming/MyGUI/tags/MyGUI2.2/MyGUIEngine/include/MyGUI_DDItemInfo.h:3: Warning: Found unknown command `\module'
D:/Ger/Programming/MyGUI/tags/MyGUI2.2/MyGUIEngine/include/MyGUI_Delegate.h:3: Warning: Found unknown command `\module'
D:/Ger/Programming/MyGUI/tags/MyGUI2.2/MyGUIEngine/include/MyGUI_DelegateImplement.h:3: Warning: Found unknown command `\module'
D:/Ger/Programming/MyGUI/tags/MyGUI2.2/MyGUIEngine/src/MyGUI_DocArray.cpp:3: Warning: Found unknown command `\module'
D:/Ger/Programming/MyGUI/tags/MyGUI2.2/MyGUIEngine/src/MyGUI_DocType.cpp:3: Warning: Found unknown command `\module'
D:/Ger/Programming/MyGUI/tags/MyGUI2.2/MyGUIEngine/include/MyGUI_DrawItem.h:3: Warning: Found unknown command `\module'
D:/Ger/Programming/MyGUI/tags/MyGUI2.2/MyGUIEngine/src/MyGUI_DynLib.cpp:4: Warning: Found unknown command `\module'
D:/Ger/Programming/MyGUI/tags/MyGUI2.2/MyGUIEngine/include/MyGUI_DynLib.h:4: Warning: Found unknown command `\module'
D:/Ger/Programming/MyGUI/tags/MyGUI2.2/MyGUIEngine/src/MyGUI_DynLibManager.cpp:3: Warning: Found unknown command `\module'
D:/Ger/Programming/MyGUI/tags/MyGUI2.2/MyGUIEngine/include/MyGUI_DynLibManager.h:3: Warning: Found unknown command `\module'
D:/Ger/Programming/MyGUI/tags/MyGUI2.2/MyGUIEngine/src/MyGUI_Edit.cpp:3: Warning: Found unknown command `\module'
D:/Ger/Programming/MyGUI/tags/MyGUI2.2/MyGUIEngine/include/MyGUI_Edit.h:3: Warning: Found unknown command `\module'
D:/Ger/Programming/MyGUI/tags/MyGUI2.2/MyGUIEngine/src/MyGUI_EditFactory.cpp:3: Warning: Found unknown command `\module'
D:/Ger/Programming/MyGUI/tags/MyGUI2.2/MyGUIEngine/include/MyGUI_EditFactory.h:3: Warning: Found unknown command `\module'
D:/Ger/Programming/MyGUI/tags/MyGUI2.2/MyGUIEngine/src/MyGUI_EditText.cpp:3: Warning: Found unknown command `\module'
D:/Ger/Programming/MyGUI/tags/MyGUI2.2/MyGUIEngine/include/MyGUI_EditText.h:3: Warning: Found unknown command `\module'
D:/Ger/Programming/MyGUI/tags/MyGUI2.2/MyGUIEngine/include/MyGUI_EnumCharInfo.h:3: Warning: Found unknown command `\module'
D:/Ger/Programming/MyGUI/tags/MyGUI2.2/MyGUIEngine/include/MyGUI_Enumerator.h:3: Warning: Found unknown command `\module'
D:/Ger/Programming/MyGUI/tags/MyGUI2.2/MyGUIEngine/include/MyGUI_EventPair.h:3: Warning: Found unknown command `\module'
D:/Ger/Programming/MyGUI/tags/MyGUI2.2/MyGUIEngine/src/MyGUI_Font.cpp:3: Warning: Found unknown command `\module'
D:/Ger/Programming/MyGUI/tags/MyGUI2.2/MyGUIEngine/include/MyGUI_Font.h:3: Warning: Found unknown command `\module'
D:/Ger/Programming/MyGUI/tags/MyGUI2.2/MyGUIEngine/src/MyGUI_FontManager.cpp:3: Warning: Found unknown command `\module'
D:/Ger/Programming/MyGUI/tags/MyGUI2.2/MyGUIEngine/include/MyGUI_FontManager.h:3: Warning: Found unknown command `\module'
D:/Ger/Programming/MyGUI/tags/MyGUI2.2/MyGUIEngine/src/MyGUI_Gui.cpp:3: Warning: Found unknown command `\module'
D:/Ger/Programming/MyGUI/tags/MyGUI2.2/MyGUIEngine/include/MyGUI_Gui.h:3: Warning: Found unknown command `\module'
D:/Ger/Programming/MyGUI/tags/MyGUI2.2/MyGUIEngine/src/MyGUI_Guid.cpp:3: Warning: Found unknown command `\module'
D:/Ger/Programming/MyGUI/tags/MyGUI2.2/MyGUIEngine/include/MyGUI_Guid.h:3: Warning: Found unknown command `\module'
D:/Ger/Programming/MyGUI/tags/MyGUI2.2/MyGUIEngine/src/MyGUI_HScroll.cpp:3: Warning: Found unknown command `\module'
D:/Ger/Programming/MyGUI/tags/MyGUI2.2/MyGUIEngine/include/MyGUI_HScroll.h:3: Warning: Found unknown command `\module'
D:/Ger/Programming/MyGUI/tags/MyGUI2.2/MyGUIEngine/src/MyGUI_HScrollFactory.cpp:3: Warning: Found unknown command `\module'
D:/Ger/Programming/MyGUI/tags/MyGUI2.2/MyGUIEngine/include/MyGUI_HScrollFactory.h:3: Warning: Found unknown command `\module'
D:/Ger/Programming/MyGUI/tags/MyGUI2.2/MyGUIEngine/include/MyGUI_IBItemInfo.h:3: Warning: Found unknown command `\module'
D:/Ger/Programming/MyGUI/tags/MyGUI2.2/MyGUIEngine/include/MyGUI_ICroppedRectangle.h:3: Warning: Found unknown command `\module'
D:/Ger/Programming/MyGUI/tags/MyGUI2.2/MyGUIEngine/include/MyGUI_ImageInfo.h:3: Warning: Found unknown command `\module'
D:/Ger/Programming/MyGUI/tags/MyGUI2.2/MyGUIEngine/include/MyGUI_InputDefine.h:3: Warning: Found unknown command `\module'
D:/Ger/Programming/MyGUI/tags/MyGUI2.2/MyGUIEngine/src/MyGUI_InputManager.cpp:3: Warning: Found unknown command `\module'
D:/Ger/Programming/MyGUI/tags/MyGUI2.2/MyGUIEngine/include/MyGUI_InputManager.h:3: Warning: Found unknown command `\module'
D:/Ger/Programming/MyGUI/tags/MyGUI2.2/MyGUIEngine/include/MyGUI_Instance.h:3: Warning: Found unknown command `\module'
D:/Ger/Programming/MyGUI/tags/MyGUI2.2/MyGUIEngine/include/MyGUI_IResource.h:3: Warning: Found unknown command `\module'
D:/Ger/Programming/MyGUI/tags/MyGUI2.2/MyGUIEngine/include/MyGUI_ISubWidget.h:3: Warning: Found unknown command `\module'
D:/Ger/Programming/MyGUI/tags/MyGUI2.2/MyGUIEngine/include/MyGUI_ISubWidgetFactory.h:3: Warning: Found unknown command `\module'
D:/Ger/Programming/MyGUI/tags/MyGUI2.2/MyGUIEngine/include/MyGUI_ISubWidgetRect.h:3: Warning: Found unknown command `\module'
D:/Ger/Programming/MyGUI/tags/MyGUI2.2/MyGUIEngine/include/MyGUI_ISubWidgetText.h:3: Warning: Found unknown command `\module'
D:/Ger/Programming/MyGUI/tags/MyGUI2.2/MyGUIEngine/src/MyGUI_ItemBox.cpp:3: Warning: Found unknown command `\module'
D:/Ger/Programming/MyGUI/tags/MyGUI2.2/MyGUIEngine/include/MyGUI_ItemBox.h:3: Warning: Found unknown command `\module'
D:/Ger/Programming/MyGUI/tags/MyGUI2.2/MyGUIEngine/src/MyGUI_ItemBoxFactory.cpp:3: Warning: Found unknown command `\module'
D:/Ger/Programming/MyGUI/tags/MyGUI2.2/MyGUIEngine/include/MyGUI_ItemBoxFactory.h:3: Warning: Found unknown command `\module'
D:/Ger/Programming/MyGUI/tags/MyGUI2.2/MyGUIEngine/include/MyGUI_ItemDropInfo.h:3: Warning: Found unknown command `\module'
D:/Ger/Programming/MyGUI/tags/MyGUI2.2/MyGUIEngine/include/MyGUI_ItemInfo.h:3: Warning: Found unknown command `\module'
D:/Ger/Programming/MyGUI/tags/MyGUI2.2/MyGUIEngine/include/MyGUI_IUnlinkWidget.h:3: Warning: Found unknown command `\module'
D:/Ger/Programming/MyGUI/tags/MyGUI2.2/MyGUIEngine/src/MyGUI_IWidgetCreator.cpp:3: Warning: Found unknown command `\module'
D:/Ger/Programming/MyGUI/tags/MyGUI2.2/MyGUIEngine/include/MyGUI_IWidgetCreator.h:3: Warning: Found unknown command `\module'
D:/Ger/Programming/MyGUI/tags/MyGUI2.2/MyGUIEngine/include/MyGUI_IWidgetFactory.h:3: Warning: Found unknown command `\module'
D:/Ger/Programming/MyGUI/tags/MyGUI2.2/MyGUIEngine/src/MyGUI_LanguageManager.cpp:3: Warning: Found unknown command `\module'
D:/Ger/Programming/MyGUI/tags/MyGUI2.2/MyGUIEngine/include/MyGUI_LanguageManager.h:3: Warning: Found unknown command `\module'
D:/Ger/Programming/MyGUI/tags/MyGUI2.2/MyGUIEngine/include/MyGUI_LastHeader.h:3: Warning: Found unknown command `\module'
D:/Ger/Programming/MyGUI/tags/MyGUI2.2/MyGUIEngine/include/MyGUI_LayerItem.h:3: Warning: Found unknown command `\module'
D:/Ger/Programming/MyGUI/tags/MyGUI2.2/MyGUIEngine/src/MyGUI_LayerItemKeeper.cpp:3: Warning: Found unknown command `\module'
D:/Ger/Programming/MyGUI/tags/MyGUI2.2/MyGUIEngine/include/MyGUI_LayerItemKeeper.h:3: Warning: Found unknown command `\module'
D:/Ger/Programming/MyGUI/tags/MyGUI2.2/MyGUIEngine/src/MyGUI_LayerKeeper.cpp:3: Warning: Found unknown command `\module'
D:/Ger/Programming/MyGUI/tags/MyGUI2.2/MyGUIEngine/include/MyGUI_LayerKeeper.h:3: Warning: Found unknown command `\module'
D:/Ger/Programming/MyGUI/tags/MyGUI2.2/MyGUIEngine/src/MyGUI_LayerManager.cpp:3: Warning: Found unknown command `\module'
D:/Ger/Programming/MyGUI/tags/MyGUI2.2/MyGUIEngine/include/MyGUI_LayerManager.h:3: Warning: Found unknown command `\module'
D:/Ger/Programming/MyGUI/tags/MyGUI2.2/MyGUIEngine/src/MyGUI_LayoutManager.cpp:3: Warning: Found unknown command `\module'
D:/Ger/Programming/MyGUI/tags/MyGUI2.2/MyGUIEngine/include/MyGUI_LayoutManager.h:3: Warning: Found unknown command `\module'
D:/Ger/Programming/MyGUI/tags/MyGUI2.2/MyGUIEngine/src/MyGUI_List.cpp:3: Warning: Found unknown command `\module'
D:/Ger/Programming/MyGUI/tags/MyGUI2.2/MyGUIEngine/include/MyGUI_List.h:3: Warning: Found unknown command `\module'
D:/Ger/Programming/MyGUI/tags/MyGUI2.2/MyGUIEngine/src/MyGUI_ListFactory.cpp:3: Warning: Found unknown command `\module'
D:/Ger/Programming/MyGUI/tags/MyGUI2.2/MyGUIEngine/include/MyGUI_ListFactory.h:3: Warning: Found unknown command `\module'
D:/Ger/Programming/MyGUI/tags/MyGUI2.2/MyGUIEngine/src/MyGUI_LogManager.cpp:3: Warning: Found unknown command `\module'
D:/Ger/Programming/MyGUI/tags/MyGUI2.2/MyGUIEngine/include/MyGUI_LogManager.h:3: Warning: Found unknown command `\module'
D:/Ger/Programming/MyGUI/tags/MyGUI2.2/MyGUIEngine/src/MyGUI_LogStream.cpp:3: Warning: Found unknown command `\module'
D:/Ger/Programming/MyGUI/tags/MyGUI2.2/MyGUIEngine/include/MyGUI_LogStream.h:3: Warning: Found unknown command `\module'
D:/Ger/Programming/MyGUI/tags/MyGUI2.2/MyGUIEngine/include/MyGUI_Macros.h:3: Warning: Found unknown command `\module'
D:/Ger/Programming/MyGUI/tags/MyGUI2.2/MyGUIEngine/src/MyGUI_MainSkin.cpp:3: Warning: Found unknown command `\module'
D:/Ger/Programming/MyGUI/tags/MyGUI2.2/MyGUIEngine/include/MyGUI_MainSkin.h:3: Warning: Found unknown command `\module'
D:/Ger/Programming/MyGUI/tags/MyGUI2.2/MyGUIEngine/src/MyGUI_MaskPickInfo.cpp:3: Warning: Found unknown command `\module'
D:/Ger/Programming/MyGUI/tags/MyGUI2.2/MyGUIEngine/include/MyGUI_MaskPickInfo.h:3: Warning: Found unknown command `\module'
D:/Ger/Programming/MyGUI/tags/MyGUI2.2/MyGUIEngine/src/MyGUI_MenuBar.cpp:3: Warning: Found unknown command `\module'
D:/Ger/Programming/MyGUI/tags/MyGUI2.2/MyGUIEngine/include/MyGUI_MenuBar.h:3: Warning: Found unknown command `\module'
D:/Ger/Programming/MyGUI/tags/MyGUI2.2/MyGUIEngine/src/MyGUI_MenuBarFactory.cpp:3: Warning: Found unknown command `\module'
D:/Ger/Programming/MyGUI/tags/MyGUI2.2/MyGUIEngine/include/MyGUI_MenuBarFactory.h:3: Warning: Found unknown command `\module'
D:/Ger/Programming/MyGUI/tags/MyGUI2.2/MyGUIEngine/src/MyGUI_MenuCtrl.cpp:3: Warning: Found unknown command `\module'
D:/Ger/Programming/MyGUI/tags/MyGUI2.2/MyGUIEngine/include/MyGUI_MenuCtrl.h:3: Warning: Found unknown command `\module'
D:/Ger/Programming/MyGUI/tags/MyGUI2.2/MyGUIEngine/src/MyGUI_MenuCtrlFactory.cpp:3: Warning: Found unknown command `\module'
D:/Ger/Programming/MyGUI/tags/MyGUI2.2/MyGUIEngine/include/MyGUI_MenuCtrlFactory.h:3: Warning: Found unknown command `\module'
D:/Ger/Programming/MyGUI/tags/MyGUI2.2/MyGUIEngine/src/MyGUI_MenuItem.cpp:3: Warning: Found unknown command `\module'
D:/Ger/Programming/MyGUI/tags/MyGUI2.2/MyGUIEngine/include/MyGUI_MenuItem.h:3: Warning: Found unknown command `\module'
D:/Ger/Programming/MyGUI/tags/MyGUI2.2/MyGUIEngine/src/MyGUI_MenuItemFactory.cpp:3: Warning: Found unknown command `\module'
D:/Ger/Programming/MyGUI/tags/MyGUI2.2/MyGUIEngine/include/MyGUI_MenuItemFactory.h:3: Warning: Found unknown command `\module'
D:/Ger/Programming/MyGUI/tags/MyGUI2.2/MyGUIEngine/include/MyGUI_MenuItemType.h:3: Warning: Found unknown command `\module'
D:/Ger/Programming/MyGUI/tags/MyGUI2.2/MyGUIEngine/src/MyGUI_Message.cpp:3: Warning: Found unknown command `\module'
D:/Ger/Programming/MyGUI/tags/MyGUI2.2/MyGUIEngine/include/MyGUI_Message.h:3: Warning: Found unknown command `\module'
D:/Ger/Programming/MyGUI/tags/MyGUI2.2/MyGUIEngine/src/MyGUI_MessageFactory.cpp:3: Warning: Found unknown command `\module'
D:/Ger/Programming/MyGUI/tags/MyGUI2.2/MyGUIEngine/include/MyGUI_MessageFactory.h:3: Warning: Found unknown command `\module'
D:/Ger/Programming/MyGUI/tags/MyGUI2.2/MyGUIEngine/include/MyGUI_MessageStyle.h:3: Warning: Found unknown command `\module'
D:/Ger/Programming/MyGUI/tags/MyGUI2.2/MyGUIEngine/src/MyGUI_MultiList.cpp:3: Warning: Found unknown command `\module'
D:/Ger/Programming/MyGUI/tags/MyGUI2.2/MyGUIEngine/include/MyGUI_MultiList.h:3: Warning: Found unknown command `\module'
D:/Ger/Programming/MyGUI/tags/MyGUI2.2/MyGUIEngine/src/MyGUI_MultiListFactory.cpp:3: Warning: Found unknown command `\module'
D:/Ger/Programming/MyGUI/tags/MyGUI2.2/MyGUIEngine/include/MyGUI_MultiListFactory.h:3: Warning: Found unknown command `\module'
D:/Ger/Programming/MyGUI/tags/MyGUI2.2/MyGUIEngine/include/MyGUI_Plugin.h:3: Warning: Found unknown command `\module'
D:/Ger/Programming/MyGUI/tags/MyGUI2.2/MyGUIEngine/src/MyGUI_PluginManager.cpp:3: Warning: Found unknown command `\module'
D:/Ger/Programming/MyGUI/tags/MyGUI2.2/MyGUIEngine/include/MyGUI_PluginManager.h:3: Warning: Found unknown command `\module'
D:/Ger/Programming/MyGUI/tags/MyGUI2.2/MyGUIEngine/include/MyGUI_PointerInfo.h:3: Warning: Found unknown command `\module'
D:/Ger/Programming/MyGUI/tags/MyGUI2.2/MyGUIEngine/src/MyGUI_PointerManager.cpp:3: Warning: Found unknown command `\module'
D:/Ger/Programming/MyGUI/tags/MyGUI2.2/MyGUIEngine/include/MyGUI_PointerManager.h:3: Warning: Found unknown command `\module'
D:/Ger/Programming/MyGUI/tags/MyGUI2.2/MyGUIEngine/src/MyGUI_PopupMenu.cpp:3: Warning: Found unknown command `\module'
D:/Ger/Programming/MyGUI/tags/MyGUI2.2/MyGUIEngine/include/MyGUI_PopupMenu.h:3: Warning: Found unknown command `\module'
D:/Ger/Programming/MyGUI/tags/MyGUI2.2/MyGUIEngine/src/MyGUI_PopupMenuFactory.cpp:3: Warning: Found unknown command `\module'
D:/Ger/Programming/MyGUI/tags/MyGUI2.2/MyGUIEngine/include/MyGUI_PopupMenuFactory.h:3: Warning: Found unknown command `\module'
D:/Ger/Programming/MyGUI/tags/MyGUI2.2/MyGUIEngine/include/MyGUI_Precompiled.h:3: Warning: Found unknown command `\module'
D:/Ger/Programming/MyGUI/tags/MyGUI2.2/MyGUIEngine/src/MyGUI_Progress.cpp:3: Warning: Found unknown command `\module'
D:/Ger/Programming/MyGUI/tags/MyGUI2.2/MyGUIEngine/include/MyGUI_Progress.h:3: Warning: Found unknown command `\module'
D:/Ger/Programming/MyGUI/tags/MyGUI2.2/MyGUIEngine/src/MyGUI_ProgressFactory.cpp:3: Warning: Found unknown command `\module'
D:/Ger/Programming/MyGUI/tags/MyGUI2.2/MyGUIEngine/include/MyGUI_ProgressFactory.h:3: Warning: Found unknown command `\module'
D:/Ger/Programming/MyGUI/tags/MyGUI2.2/MyGUIEngine/src/MyGUI_RawRect.cpp:3: Warning: Found unknown command `\module'
D:/Ger/Programming/MyGUI/tags/MyGUI2.2/MyGUIEngine/include/MyGUI_RawRect.h:3: Warning: Found unknown command `\module'
D:/Ger/Programming/MyGUI/tags/MyGUI2.2/MyGUIEngine/src/MyGUI_RenderBox.cpp:4: Warning: Found unknown command `\module'
D:/Ger/Programming/MyGUI/tags/MyGUI2.2/MyGUIEngine/include/MyGUI_RenderBox.h:4: Warning: Found unknown command `\module'
D:/Ger/Programming/MyGUI/tags/MyGUI2.2/MyGUIEngine/src/MyGUI_RenderBoxFactory.cpp:3: Warning: Found unknown command `\module'
D:/Ger/Programming/MyGUI/tags/MyGUI2.2/MyGUIEngine/include/MyGUI_RenderBoxFactory.h:3: Warning: Found unknown command `\module'
D:/Ger/Programming/MyGUI/tags/MyGUI2.2/MyGUIEngine/src/MyGUI_RenderItem.cpp:3: Warning: Found unknown command `\module'
D:/Ger/Programming/MyGUI/tags/MyGUI2.2/MyGUIEngine/include/MyGUI_RenderItem.h:3: Warning: Found unknown command `\module'
D:/Ger/Programming/MyGUI/tags/MyGUI2.2/MyGUIEngine/src/MyGUI_RenderOut.cpp:3: Warning: Found unknown command `\module'
D:/Ger/Programming/MyGUI/tags/MyGUI2.2/MyGUIEngine/include/MyGUI_RenderOut.h:3: Warning: Found unknown command `\module'
D:/Ger/Programming/MyGUI/tags/MyGUI2.2/MyGUIEngine/src/MyGUI_ResourceImageSet.cpp:3: Warning: Found unknown command `\module'
D:/Ger/Programming/MyGUI/tags/MyGUI2.2/MyGUIEngine/include/MyGUI_ResourceImageSet.h:3: Warning: Found unknown command `\module'
D:/Ger/Programming/MyGUI/tags/MyGUI2.2/MyGUIEngine/src/MyGUI_ResourceManager.cpp:3: Warning: Found unknown command `\module'
D:/Ger/Programming/MyGUI/tags/MyGUI2.2/MyGUIEngine/include/MyGUI_ResourceManager.h:3: Warning: Found unknown command `\module'
D:/Ger/Programming/MyGUI/tags/MyGUI2.2/MyGUIEngine/src/MyGUI_ResourcePath.cpp:3: Warning: Found unknown command `\module'
D:/Ger/Programming/MyGUI/tags/MyGUI2.2/MyGUIEngine/include/MyGUI_ResourcePath.h:3: Warning: Found unknown command `\module'
D:/Ger/Programming/MyGUI/tags/MyGUI2.2/MyGUIEngine/include/MyGUI_Rtti.h:4: Warning: Found unknown command `\module'
D:/Ger/Programming/MyGUI/tags/MyGUI2.2/MyGUIEngine/src/MyGUI_ScrollView.cpp:3: Warning: Found unknown command `\module'
D:/Ger/Programming/MyGUI/tags/MyGUI2.2/MyGUIEngine/include/MyGUI_ScrollView.h:3: Warning: Found unknown command `\module'
D:/Ger/Programming/MyGUI/tags/MyGUI2.2/MyGUIEngine/src/MyGUI_ScrollViewFactory.cpp:3: Warning: Found unknown command `\module'
D:/Ger/Programming/MyGUI/tags/MyGUI2.2/MyGUIEngine/include/MyGUI_ScrollViewFactory.h:3: Warning: Found unknown command `\module'
D:/Ger/Programming/MyGUI/tags/MyGUI2.2/MyGUIEngine/src/MyGUI_SimpleText.cpp:3: Warning: Found unknown command `\module'
D:/Ger/Programming/MyGUI/tags/MyGUI2.2/MyGUIEngine/include/MyGUI_SimpleText.h:3: Warning: Found unknown command `\module'
D:/Ger/Programming/MyGUI/tags/MyGUI2.2/MyGUIEngine/src/MyGUI_SkinManager.cpp:3: Warning: Found unknown command `\module'
D:/Ger/Programming/MyGUI/tags/MyGUI2.2/MyGUIEngine/include/MyGUI_SkinManager.h:3: Warning: Found unknown command `\module'
D:/Ger/Programming/MyGUI/tags/MyGUI2.2/MyGUIEngine/src/MyGUI_StaticImage.cpp:3: Warning: Found unknown command `\module'
D:/Ger/Programming/MyGUI/tags/MyGUI2.2/MyGUIEngine/include/MyGUI_StaticImage.h:3: Warning: Found unknown command `\module'
D:/Ger/Programming/MyGUI/tags/MyGUI2.2/MyGUIEngine/src/MyGUI_StaticImageFactory.cpp:3: Warning: Found unknown command `\module'
D:/Ger/Programming/MyGUI/tags/MyGUI2.2/MyGUIEngine/include/MyGUI_StaticImageFactory.h:3: Warning: Found unknown command `\module'
D:/Ger/Programming/MyGUI/tags/MyGUI2.2/MyGUIEngine/src/MyGUI_StaticText.cpp:3: Warning: Found unknown command `\module'
D:/Ger/Programming/MyGUI/tags/MyGUI2.2/MyGUIEngine/include/MyGUI_StaticText.h:3: Warning: Found unknown command `\module'
D:/Ger/Programming/MyGUI/tags/MyGUI2.2/MyGUIEngine/src/MyGUI_StaticTextFactory.cpp:3: Warning: Found unknown command `\module'
D:/Ger/Programming/MyGUI/tags/MyGUI2.2/MyGUIEngine/include/MyGUI_StaticTextFactory.h:3: Warning: Found unknown command `\module'
D:/Ger/Programming/MyGUI/tags/MyGUI2.2/MyGUIEngine/src/MyGUI_SubSkin.cpp:3: Warning: Found unknown command `\module'
D:/Ger/Programming/MyGUI/tags/MyGUI2.2/MyGUIEngine/include/MyGUI_SubSkin.h:3: Warning: Found unknown command `\module'
D:/Ger/Programming/MyGUI/tags/MyGUI2.2/MyGUIEngine/include/MyGUI_SubWidgetBinding.h:3: Warning: Found unknown command `\module'
D:/Ger/Programming/MyGUI/tags/MyGUI2.2/MyGUIEngine/src/MyGUI_SubWidgetManager.cpp:3: Warning: Found unknown command `\module'
D:/Ger/Programming/MyGUI/tags/MyGUI2.2/MyGUIEngine/include/MyGUI_SubWidgetManager.h:3: Warning: Found unknown command `\module'
D:/Ger/Programming/MyGUI/tags/MyGUI2.2/MyGUIEngine/src/MyGUI_Tab.cpp:3: Warning: Found unknown command `\module'
D:/Ger/Programming/MyGUI/tags/MyGUI2.2/MyGUIEngine/include/MyGUI_Tab.h:3: Warning: Found unknown command `\module'
D:/Ger/Programming/MyGUI/tags/MyGUI2.2/MyGUIEngine/src/MyGUI_TabFactory.cpp:3: Warning: Found unknown command `\module'
D:/Ger/Programming/MyGUI/tags/MyGUI2.2/MyGUIEngine/include/MyGUI_TabFactory.h:3: Warning: Found unknown command `\module'
D:/Ger/Programming/MyGUI/tags/MyGUI2.2/MyGUIEngine/src/MyGUI_TabItem.cpp:3: Warning: Found unknown command `\module'
D:/Ger/Programming/MyGUI/tags/MyGUI2.2/MyGUIEngine/include/MyGUI_TabItem.h:3: Warning: Found unknown command `\module'
D:/Ger/Programming/MyGUI/tags/MyGUI2.2/MyGUIEngine/src/MyGUI_TabItemFactory.cpp:3: Warning: Found unknown command `\module'
D:/Ger/Programming/MyGUI/tags/MyGUI2.2/MyGUIEngine/include/MyGUI_TabItemFactory.h:3: Warning: Found unknown command `\module'
D:/Ger/Programming/MyGUI/tags/MyGUI2.2/MyGUIEngine/include/MyGUI_TCoord.h:3: Warning: Found unknown command `\module'
D:/Ger/Programming/MyGUI/tags/MyGUI2.2/MyGUIEngine/include/MyGUI_TextChangeHistory.h:3: Warning: Found unknown command `\module'
D:/Ger/Programming/MyGUI/tags/MyGUI2.2/MyGUIEngine/src/MyGUI_TextIterator.cpp:3: Warning: Found unknown command `\module'
D:/Ger/Programming/MyGUI/tags/MyGUI2.2/MyGUIEngine/include/MyGUI_TextIterator.h:3: Warning: Found unknown command `\module'
D:/Ger/Programming/MyGUI/tags/MyGUI2.2/MyGUIEngine/src/MyGUI_TileRect.cpp:3: Warning: Found unknown command `\module'
D:/Ger/Programming/MyGUI/tags/MyGUI2.2/MyGUIEngine/include/MyGUI_TileRect.h:3: Warning: Found unknown command `\module'
D:/Ger/Programming/MyGUI/tags/MyGUI2.2/MyGUIEngine/include/MyGUI_TPoint.h:3: Warning: Found unknown command `\module'
D:/Ger/Programming/MyGUI/tags/MyGUI2.2/MyGUIEngine/include/MyGUI_TRect.h:3: Warning: Found unknown command `\module'
D:/Ger/Programming/MyGUI/tags/MyGUI2.2/MyGUIEngine/include/MyGUI_TSize.h:3: Warning: Found unknown command `\module'
D:/Ger/Programming/MyGUI/tags/MyGUI2.2/MyGUIEngine/include/MyGUI_Types.h:3: Warning: Found unknown command `\module'
D:/Ger/Programming/MyGUI/tags/MyGUI2.2/MyGUIEngine/include/MyGUI_Utility.h:3: Warning: Found unknown command `\module'
D:/Ger/Programming/MyGUI/tags/MyGUI2.2/MyGUIEngine/include/MyGUI_Version.h:3: Warning: Found unknown command `\module'
D:/Ger/Programming/MyGUI/tags/MyGUI2.2/MyGUIEngine/src/MyGUI_VScroll.cpp:3: Warning: Found unknown command `\module'
D:/Ger/Programming/MyGUI/tags/MyGUI2.2/MyGUIEngine/include/MyGUI_VScroll.h:3: Warning: Found unknown command `\module'
D:/Ger/Programming/MyGUI/tags/MyGUI2.2/MyGUIEngine/src/MyGUI_VScrollFactory.cpp:3: Warning: Found unknown command `\module'
D:/Ger/Programming/MyGUI/tags/MyGUI2.2/MyGUIEngine/include/MyGUI_VScrollFactory.h:3: Warning: Found unknown command `\module'
D:/Ger/Programming/MyGUI/tags/MyGUI2.2/MyGUIEngine/src/MyGUI_Widget.cpp:3: Warning: Found unknown command `\module'
D:/Ger/Programming/MyGUI/tags/MyGUI2.2/MyGUIEngine/include/MyGUI_Widget.h:3: Warning: Found unknown command `\module'
D:/Ger/Programming/MyGUI/tags/MyGUI2.2/MyGUIEngine/include/MyGUI_WidgetDefines.h:3: Warning: Found unknown command `\module'
D:/Ger/Programming/MyGUI/tags/MyGUI2.2/MyGUIEngine/include/MyGUI_WidgetEvent.h:3: Warning: Found unknown command `\module'
D:/Ger/Programming/MyGUI/tags/MyGUI2.2/MyGUIEngine/src/MyGUI_WidgetFactory.cpp:3: Warning: Found unknown command `\module'
D:/Ger/Programming/MyGUI/tags/MyGUI2.2/MyGUIEngine/include/MyGUI_WidgetFactory.h:3: Warning: Found unknown command `\module'
D:/Ger/Programming/MyGUI/tags/MyGUI2.2/MyGUIEngine/src/MyGUI_WidgetManager.cpp:3: Warning: Found unknown command `\module'
D:/Ger/Programming/MyGUI/tags/MyGUI2.2/MyGUIEngine/include/MyGUI_WidgetManager.h:3: Warning: Found unknown command `\module'
D:/Ger/Programming/MyGUI/tags/MyGUI2.2/MyGUIEngine/include/MyGUI_WidgetSkinInfo.h:3: Warning: Found unknown command `\module'
D:/Ger/Programming/MyGUI/tags/MyGUI2.2/MyGUIEngine/include/MyGUI_WidgetStyle.h:3: Warning: Found unknown command `\module'
D:/Ger/Programming/MyGUI/tags/MyGUI2.2/MyGUIEngine/include/MyGUI_WidgetToolTip.h:3: Warning: Found unknown command `\module'
D:/Ger/Programming/MyGUI/tags/MyGUI2.2/MyGUIEngine/include/MyGUI_WidgetTranslate.h:3: Warning: Found unknown command `\module'
D:/Ger/Programming/MyGUI/tags/MyGUI2.2/MyGUIEngine/include/MyGUI_WidgetUserData.h:3: Warning: Found unknown command `\module'
D:/Ger/Programming/MyGUI/tags/MyGUI2.2/MyGUIEngine/src/MyGUI_Window.cpp:3: Warning: Found unknown command `\module'
D:/Ger/Programming/MyGUI/tags/MyGUI2.2/MyGUIEngine/include/MyGUI_Window.h:3: Warning: Found unknown command `\module'
D:/Ger/Programming/MyGUI/tags/MyGUI2.2/MyGUIEngine/src/MyGUI_WindowFactory.cpp:3: Warning: Found unknown command `\module'
D:/Ger/Programming/MyGUI/tags/MyGUI2.2/MyGUIEngine/include/MyGUI_WindowFactory.h:3: Warning: Found unknown command `\module'
D:/Ger/Programming/MyGUI/tags/MyGUI2.2/MyGUIEngine/src/MyGUI_XmlDocument.cpp:3: Warning: Found unknown command `\module'
D:/Ger/Programming/MyGUI/tags/MyGUI2.2/MyGUIEngine/include/MyGUI_XmlDocument.h:3: Warning: Found unknown command `\module'
D:/Ger/Programming/MyGUI/tags/MyGUI2.2/Docs/src/license.txt:10: Warning: Found unknown command `\t'
D:/Ger/Programming/MyGUI/tags/MyGUI2.2/MyGUIEngine/include/MyGUI_Canvas.h:230: Warning: target Widget::initialiseWidgetSkin(WidgetSkinInfoPtr _info) of \copydoc command not found
D:/Ger/Programming/MyGUI/tags/MyGUI2.2/MyGUIEngine/include/MyGUI_Canvas.h:90: Warning: The following parameters of MyGUI::Canvas::loadTexture(Ogre::TexturePtr texture, bool manageMode=false) are not documented:
  parameter 'texture'
D:/Ger/Programming/MyGUI/tags/MyGUI2.2/MyGUIEngine/include/MyGUI_Canvas.h:233: Warning: target Widget::shutdownWidgetSkin() of \copydoc command not found
D:/Ger/Programming/MyGUI/tags/MyGUI2.2/MyGUIEngine/include/MyGUI_ControllerPosition.h:59: Warning: argument '_destRect' of command @param is not found in the argument list of MyGUI::ControllerPosition::ControllerPosition(const IntSize &_destSize, float _time, MoveMode _mode)
D:/Ger/Programming/MyGUI/tags/MyGUI2.2/MyGUIEngine/include/MyGUI_ControllerPosition.h:59: Warning: The following parameters of MyGUI::ControllerPosition::ControllerPosition(const IntSize &_destSize, float _time, MoveMode _mode) are not documented:
  parameter '_destSize'
D:/Ger/Programming/MyGUI/tags/MyGUI2.2/MyGUIEngine/include/MyGUI_ControllerPosition.h:62: Warning: argument '_destRect' of command @param is not found in the argument list of MyGUI::ControllerPosition::ControllerPosition(const IntPoint &_destPoint, float _time, MoveMode _mode)
D:/Ger/Programming/MyGUI/tags/MyGUI2.2/MyGUIEngine/include/MyGUI_ControllerPosition.h:62: Warning: The following parameters of MyGUI::ControllerPosition::ControllerPosition(const IntPoint &_destPoint, float _time, MoveMode _mode) are not documented:
  parameter '_destPoint'
D:/Ger/Programming/MyGUI/tags/MyGUI2.2/MyGUIEngine/include/MyGUI_ControllerPosition.h:70: Warning: target ControllerPosition(const IntCoord & _destRect, FrameAction::IDelegate * _action) of \copydoc command not found
D:/Ger/Programming/MyGUI/tags/MyGUI2.2/MyGUIEngine/include/MyGUI_ControllerPosition.h:72: Warning: target ControllerPosition(const IntCoord & _destRect, FrameAction::IDelegate * _action) of \copydoc command not found
D:/Ger/Programming/MyGUI/tags/MyGUI2.2/MyGUIEngine/include/MyGUI_Font.h:181: Warning: target Ogre::Resource::calculateSize of \copydoc command not found
D:/Ger/Programming/MyGUI/tags/MyGUI2.2/MyGUIEngine/include/MyGUI_Font.h:177: Warning: target Ogre::Resource::loadImpl of \copydoc command not found
D:/Ger/Programming/MyGUI/tags/MyGUI2.2/MyGUIEngine/include/MyGUI_Font.h:179: Warning: target Ogre::Resource::unloadImpl of \copydoc command not found
D:/Ger/Programming/MyGUI/tags/MyGUI2.2/MyGUIEngine/include/MyGUI_Message.h:70: Warning: The following parameters of MyGUI::Message::createMessageBox(const std::string &_skin, const Ogre::UTFString &_caption, const Ogre::UTFString &_message, MessageBoxStyle _style=MessageBoxStyle::Ok|MessageBoxStyle::IconDefault, const std::string &_layer="", bool _modal=true, const std::string &_button1="", const std::string &_button2="", const std::string &_button3="", const std::string &_button4="") are not documented:
  parameter '_skin'
  parameter '_caption'
  parameter '_message'
  parameter '_layer'
  parameter '_button2'
  parameter '_button3'
  parameter '_button4'
D:/Ger/Programming/MyGUI/tags/MyGUI2.2/MyGUIEngine/include/MyGUI_MultiList.h:64: Warning: The following parameters of MyGUI::MultiList::addColumn(const Ogre::UTFString &_name, int _width, Any _data=Any::Null) are not documented:
  parameter '_data'
D:/Ger/Programming/MyGUI/tags/MyGUI2.2/MyGUIEngine/include/MyGUI_MultiList.h:57: Warning: The following parameters of MyGUI::MultiList::insertColumnAt(size_t _column, const Ogre::UTFString &_name, int _width, Any _data=Any::Null) are not documented:
  parameter '_data'
D:/Ger/Programming/MyGUI/tags/MyGUI2.2/MyGUIEngine/include/MyGUI_MultiList.h:86: Warning: argument '_name' of command @param is not found in the argument list of MyGUI::MultiList::setColumnWidthAt(size_t _column, int _width)
D:/Ger/Programming/MyGUI/tags/MyGUI2.2/MyGUIEngine/include/MyGUI_MultiList.h:86: Warning: The following parameters of MyGUI::MultiList::setColumnWidthAt(size_t _column, int _width) are not documented:
  parameter '_width'
D:/Ger/Programming/MyGUI/tags/MyGUI2.2/MyGUIEngine/include/MyGUI_StaticImage.h:71: Warning: Found unknown command `\bExample'
D:/Ger/Programming/MyGUI/tags/MyGUI2.2/MyGUIEngine/include/MyGUI_StaticImage.h:171: Warning: argument '_id' of command @param is not found in the argument list of MyGUI::StaticImage::setItemResource(const std::string &_name)
D:/Ger/Programming/MyGUI/tags/MyGUI2.2/MyGUIEngine/include/MyGUI_StaticImage.h:171: Warning: The following parameters of MyGUI::StaticImage::setItemResource(const std::string &_name) are not documented:
  parameter '_name'
D:/Ger/Programming/MyGUI/tags/MyGUI2.2/MyGUIEngine/include/MyGUI_Widget.h:107: Warning: The following parameters of MyGUI::Widget::createWidgetT(WidgetStyle _style, const std::string &_type, const std::string &_skin, const IntCoord &_coord, Align _align, const std::string &_layer="", const std::string &_name="") are not documented:
  parameter '_layer'
